빌드 시작: 2018-12-10 오전 1:16:49
     1>2 노드의 "C:\Users\Yoo\Documents\Visual Studio 2010\Projects\Diet Management Program\Diet Management Program\Diet Management Program.vcxproj" 프로젝트(build 대상)입니다.
     1>InitializeBuildStatus:
         "AlwaysCreate"이(가) 지정되었기 때문에 "Debug\Diet Management Program.unsuccessfulbuild"을(를) 만들고 있습니다.
       ClCompile:
         C:\Program Files (x86)\Microsoft Visual Studio 10.0\VC\bin\CL.exe /c /ZI /nologo /W3 /WX- /Od /Oy- /D WIN32 /D _DEBUG /D _CONSOLE /D _UNICODE /D UNICODE /Gm /EHsc /RTC1 /MDd /GS /fp:precise /Zc:wchar_t /Zc:forScope /Fo"Debug\\" /Fd"Debug\vc100.pdb" /Gd /TP /analyze- /errorReport:prompt Menu.cpp main.cpp
         main.cpp
     1>c:\users\yoo\documents\visual studio 2010\projects\diet management program\diet management program\main.cpp(29): warning C4018: '<' : signed 또는 unsigned가 일치하지 않습니다.
     1>c:\users\yoo\documents\visual studio 2010\projects\diet management program\diet management program\main.cpp(34): warning C4018: '<' : signed 또는 unsigned가 일치하지 않습니다.
     1>c:\users\yoo\documents\visual studio 2010\projects\diet management program\diet management program\main.cpp(39): warning C4018: '<' : signed 또는 unsigned가 일치하지 않습니다.
         Menu.cpp
     1>c:\users\yoo\documents\visual studio 2010\projects\diet management program\diet management program\menu.cpp(10): warning C4244: '인수' : 'time_t'에서 'unsigned int'(으)로 변환하면서 데이터가 손실될 수 있습니다.
         코드를 생성하고 있습니다...
       ManifestResourceCompile:
         모든 출력이 최신 상태입니다.
       Link:
         C:\Program Files (x86)\Microsoft Visual Studio 10.0\VC\bin\link.exe /ERRORREPORT:PROMPT /OUT:"C:\Users\Yoo\Documents\Visual Studio 2010\Projects\Diet Management Program\Debug\Diet Management Program.exe" /INCREMENTAL /NOLOGO kernel32.lib user32.lib gdi32.lib winspool.lib comdlg32.lib advapi32.lib shell32.lib ole32.lib oleaut32.lib uuid.lib odbc32.lib odbccp32.lib /MANIFEST /ManifestFile:"Debug\Diet Management Program.exe.intermediate.manifest" /MANIFESTUAC:"level='asInvoker' uiAccess='false'" /DEBUG /PDB:"C:\Users\Yoo\Documents\Visual Studio 2010\Projects\Diet Management Program\Debug\Diet Management Program.pdb" /SUBSYSTEM:CONSOLE /TLBID:1 /DYNAMICBASE /NXCOMPAT /IMPLIB:"C:\Users\Yoo\Documents\Visual Studio 2010\Projects\Diet Management Program\Debug\Diet Management Program.lib" /MACHINE:X86 "Debug\Diet Management Program.exe.embed.manifest.res"
         Debug\main.obj
         Debug\Calories_init.obj
         Debug\Menu.obj
         Debug\Side_dish_init.obj
       Manifest:
         C:\Program Files (x86)\Microsoft SDKs\Windows\v7.0A\bin\mt.exe /nologo /verbose /out:"Debug\Diet Management Program.exe.embed.manifest" /manifest "Debug\Diet Management Program.exe.intermediate.manifest"
         모든 출력이 최신 상태입니다.
       LinkEmbedManifest:
         모든 출력이 최신 상태입니다.
         Diet Management Program.vcxproj -> C:\Users\Yoo\Documents\Visual Studio 2010\Projects\Diet Management Program\Debug\Diet Management Program.exe
       FinalizeBuildStatus:
         "Debug\Diet Management Program.unsuccessfulbuild" 파일을 삭제하고 있습니다.
         "Debug\Diet Management Program.lastbuildstate"에 연결(touching)하고 있습니다.
     1>"C:\Users\Yoo\Documents\Visual Studio 2010\Projects\Diet Management Program\Diet Management Program\Diet Management Program.vcxproj" 프로젝트를 빌드했습니다(build 대상).

빌드했습니다.

경과 시간: 00:00:07.04
